#
# There is insufficient memory for the Java Runtime Environment to continue.
# Native memory allocation (malloc) failed to allocate 192816 bytes for Chunk::new
# Possible reasons:
#   The system is out of physical RAM or swap space
#   The process is running with CompressedOops enabled, and the Java Heap may be blocking the growth of the native heap
# Possible solutions:
#   Reduce memory load on the system
#   Increase physical memory or swap space
#   Check if swap backing store is full
#   Decrease Java heap size (-Xmx/-Xms)
#   Decrease number of Java threads
#   Decrease Java thread stack sizes (-Xss)
#   Set larger code cache with -XX:ReservedCodeCacheSize=
#   JVM is running with Unscaled Compressed Oops mode in which the Java heap is
#     placed in the first 4GB address space. The Java Heap base address is the
#     maximum limit for the native heap growth. Please use -XX:HeapBaseMinAddress
#     to set the Java Heap base and to place the Java Heap above 4GB virtual address.
# This output file may be truncated or incomplete.
#
#  Out of Memory Error (arena.cpp:189), pid=13324, tid=6556
#
# JRE version: Java(TM) SE Runtime Environment (17.0.1+12) (build 17.0.1+12-LTS-39)
# Java VM: Java HotSpot(TM) 64-Bit Server VM (17.0.1+12-LTS-39, mixed mode, sharing, tiered, compressed oops, compressed class ptrs, g1 gc, windows-amd64)
# No core dump will be written. Minidumps are not enabled by default on client versions of Windows
#

---------------  S U M M A R Y ------------

Command Line: App 60107

Host: Intel(R) Core(TM) i5-7400 CPU @ 3.00GHz, 4 cores, 7G,  Windows 10 , 64 bit Build 19041 (10.0.19041.3155)
Time: Wed Aug 30 19:47:17 2023  Windows 10 , 64 bit Build 19041 (10.0.19041.3155) elapsed time: 4.165787 seconds (0d 0h 0m 4s)

---------------  T H R E A D  ---------------

Current thread (0x00000203c114c3f0):  JavaThread "C2 CompilerThread0" daemon [_thread_in_native, id=6556, stack(0x000000a948a00000,0x000000a948b00000)]


Current CompileTask:
C2:   4165 1014   !   4       jdk.internal.loader.URLClassPath$JarLoader::getResource (65 bytes)

Stack: [0x000000a948a00000,0x000000a948b00000]
Native frames: (J=compiled Java code, j=interpreted, Vv=VM code, C=native code)
V  [jvm.dll+0x66fa1a]
V  [jvm.dll+0x7ce5a4]
V  [jvm.dll+0x7cfd4e]
V  [jvm.dll+0x7d03b3]
V  [jvm.dll+0x242b05]
V  [jvm.dll+0xaa05b]
V  [jvm.dll+0xaa5ec]
V  [jvm.dll+0x35f9b2]
V  [jvm.dll+0x329f51]
V  [jvm.dll+0x3293fa]
V  [jvm.dll+0x215bf1]
V  [jvm.dll+0x215011]
V  [jvm.dll+0x1a168d]
V  [jvm.dll+0x224848]
V  [jvm.dll+0x2229ac]
V  [jvm.dll+0x78435b]
V  [jvm.dll+0x77e91a]
V  [jvm.dll+0x66e845]
C  [ucrtbase.dll+0x21bb2]
C  [KERNEL32.DLL+0x17614]
C  [ntdll.dll+0x526b1]


---------------  P R O C E S S  ---------------

Threads class SMR info:
_java_thread_list=0x00000203c2376e50, length=13, elements={
0x00000203c1132870, 0x00000203c11336e0, 0x00000203c1147740, 0x00000203c11482f0,
0x00000203c114acb0, 0x00000203c114b660, 0x00000203c114c3f0, 0x00000203c114ce90,
0x00000203c11b8710, 0x00000203c1c98d60, 0x00000203c1ca92e0, 0x00000203c21f7900,
0x00000203c230f6a0
}

Java Threads: ( => current thread )
  0x00000203c1132870 JavaThread "Reference Handler" daemon [_thread_blocked, id=19200, stack(0x000000a948400000,0x000000a948500000)]
  0x00000203c11336e0 JavaThread "Finalizer" daemon [_thread_blocked, id=8676, stack(0x000000a948500000,0x000000a948600000)]
  0x00000203c1147740 JavaThread "Signal Dispatcher" daemon [_thread_blocked, id=8316, stack(0x000000a948600000,0x000000a948700000)]
  0x00000203c11482f0 JavaThread "Attach Listener" daemon [_thread_blocked, id=8400, stack(0x000000a948700000,0x000000a948800000)]
  0x00000203c114acb0 JavaThread "Service Thread" daemon [_thread_blocked, id=15512, stack(0x000000a948800000,0x000000a948900000)]
  0x00000203c114b660 JavaThread "Monitor Deflation Thread" daemon [_thread_blocked, id=10408, stack(0x000000a948900000,0x000000a948a00000)]
=>0x00000203c114c3f0 JavaThread "C2 CompilerThread0" daemon [_thread_in_native, id=6556, stack(0x000000a948a00000,0x000000a948b00000)]
  0x00000203c114ce90 JavaThread "C1 CompilerThread0" daemon [_thread_blocked, id=16592, stack(0x000000a948b00000,0x000000a948c00000)]
  0x00000203c11b8710 JavaThread "Sweeper thread" daemon [_thread_blocked, id=3256, stack(0x000000a948c00000,0x000000a948d00000)]
  0x00000203c1c98d60 JavaThread "Notification Thread" daemon [_thread_blocked, id=6032, stack(0x000000a948d00000,0x000000a948e00000)]
  0x00000203c1ca92e0 JavaThread "Common-Cleaner" daemon [_thread_blocked, id=7088, stack(0x000000a948f00000,0x000000a949000000)]
  0x00000203c21f7900 JavaThread "pool-1-thread-1" [_thread_in_native, id=8320, stack(0x000000a949000000,0x000000a949100000)]
  0x00000203c230f6a0 JavaThread "DestroyJavaVM" [_thread_blocked, id=8420, stack(0x000000a947d00000,0x000000a947e00000)]

Other Threads:
  0x00000203c112bfc0 VMThread "VM Thread" [stack: 0x000000a948300000,0x000000a948400000] [id=15948]
  0x00000203c1ca2c30 WatcherThread [stack: 0x000000a948e00000,0x000000a948f00000] [id=18488]
  0x00000203a19eacc0 GCTaskThread "GC Thread#0" [stack: 0x000000a947e00000,0x000000a947f00000] [id=456]
  0x00000203c2482080 GCTaskThread "GC Thread#1" [stack: 0x000000a949100000,0x000000a949200000] [id=18044]
  0x00000203c2482330 GCTaskThread "GC Thread#2" [stack: 0x000000a949200000,0x000000a949300000] [id=16280]
  0x00000203c24825e0 GCTaskThread "GC Thread#3" [stack: 0x000000a949300000,0x000000a949400000] [id=9860]
  0x00000203a19fba40 ConcurrentGCThread "G1 Main Marker" [stack: 0x000000a947f00000,0x000000a948000000] [id=9796]
  0x00000203a19fd460 ConcurrentGCThread "G1 Conc#0" [stack: 0x000000a948000000,0x000000a948100000] [id=13664]
  0x00000203a1a72890 ConcurrentGCThread "G1 Refine#0" [stack: 0x000000a948100000,0x000000a948200000] [id=1056]
  0x00000203a1a732b0 ConcurrentGCThread "G1 Service" [stack: 0x000000a948200000,0x000000a948300000] [id=10880]

Threads with active compile tasks:
C2 CompilerThread0     4249 1014   !   4       jdk.internal.loader.URLClassPath$JarLoader::getResource (65 bytes)

VM state: not at safepoint (normal execution)

VM Mutex/Monitor currently owned by a thread: None

Heap address: 0x0000000080e00000, size: 2034 MB, Compressed Oops mode: 32-bit

CDS archive(s) mapped at: [0x0000000800000000-0x0000000800bc0000-0x0000000800bc0000), size 12320768, SharedBaseAddress: 0x0000000800000000, ArchiveRelocationMode: 0.
Compressed class space mapped at: 0x0000000800c00000-0x0000000840c00000, reserved size: 1073741824
Narrow klass base: 0x0000000800000000, Narrow klass shift: 0, Narrow klass range: 0x100000000

GC Precious Log:
 CPUs: 4 total, 4 available
 Memory: 8135M
 Large Page Support: Disabled
 NUMA Support: Disabled
 Compressed Oops: Enabled (32-bit)
 Heap Region Size: 1M
 Heap Min Capacity: 8M
 Heap Initial Capacity: 128M
 Heap Max Capacity: 2034M
 Pre-touch: Disabled
 Parallel Workers: 4
 Concurrent Workers: 1
 Concurrent Refinement Workers: 4
 Periodic GC: Disabled

Heap:
 garbage-first heap   total 131072K, used 6020K [0x0000000080e00000, 0x0000000100000000)
  region size 1024K, 4 young (4096K), 2 survivors (2048K)
 Metaspace       used 5819K, committed 6016K, reserved 1056768K
  class space    used 627K, committed 704K, reserved 1048576K

Heap Regions: E=young(eden), S=young(survivor), O=old, HS=humongous(starts), HC=humongous(continues), CS=collection set, F=free, OA=open archive, CA=closed archive, TAMS=top-at-mark-start (previous, next)
|   0|0x0000000080e00000, 0x0000000080f00000, 0x0000000080f00000|100%| O|  |TAMS 0x0000000080e00000, 0x0000000080e00000| Untracked 
|   1|0x0000000080f00000, 0x0000000081000000, 0x0000000081000000|100%| O|  |TAMS 0x0000000080f00000, 0x0000000080f00000| Untracked 
|   2|0x0000000081000000, 0x00000000810e1000, 0x0000000081100000| 87%| O|  |TAMS 0x0000000081000000, 0x0000000081000000| Untracked 
|   3|0x0000000081100000, 0x0000000081100000, 0x0000000081200000|  0%| F|  |TAMS 0x0000000081100000, 0x0000000081100000| Untracked 
|   4|0x0000000081200000, 0x0000000081200000, 0x0000000081300000|  0%| F|  |TAMS 0x0000000081200000, 0x0000000081200000| Untracked 
|   5|0x0000000081300000, 0x0000000081300000, 0x0000000081400000|  0%| F|  |TAMS 0x0000000081300000, 0x0000000081300000| Untracked 
|   6|0x0000000081400000, 0x0000000081400000, 0x0000000081500000|  0%| F|  |TAMS 0x0000000081400000, 0x0000000081400000| Untracked 
|   7|0x0000000081500000, 0x0000000081500000, 0x0000000081600000|  0%| F|  |TAMS 0x0000000081500000, 0x0000000081500000| Untracked 
|   8|0x0000000081600000, 0x0000000081600000, 0x0000000081700000|  0%| F|  |TAMS 0x0000000081600000, 0x0000000081600000| Untracked 
|   9|0x0000000081700000, 0x0000000081700000, 0x0000000081800000|  0%| F|  |TAMS 0x0000000081700000, 0x0000000081700000| Untracked 
|  10|0x0000000081800000, 0x0000000081800000, 0x0000000081900000|  0%| F|  |TAMS 0x0000000081800000, 0x0000000081800000| Untracked 
|  11|0x0000000081900000, 0x0000000081900000, 0x0000000081a00000|  0%| F|  |TAMS 0x0000000081900000, 0x0000000081900000| Untracked 
|  12|0x0000000081a00000, 0x0000000081a00000, 0x0000000081b00000|  0%| F|  |TAMS 0x0000000081a00000, 0x0000000081a00000| Untracked 
|  13|0x0000000081b00000, 0x0000000081b00000, 0x0000000081c00000|  0%| F|  |TAMS 0x0000000081b00000, 0x0000000081b00000| Untracked 
|  14|0x0000000081c00000, 0x0000000081c00000, 0x0000000081d00000|  0%| F|  |TAMS 0x0000000081c00000, 0x0000000081c00000| Untracked 
|  15|0x0000000081d00000, 0x0000000081d00000, 0x0000000081e00000|  0%| F|  |TAMS 0x0000000081d00000, 0x0000000081d00000| Untracked 
|  16|0x0000000081e00000, 0x0000000081e00000, 0x0000000081f00000|  0%| F|  |TAMS 0x0000000081e00000, 0x0000000081e00000| Untracked 
|  17|0x0000000081f00000, 0x0000000081f00000, 0x0000000082000000|  0%| F|  |TAMS 0x0000000081f00000, 0x0000000081f00000| Untracked 
|  18|0x0000000082000000, 0x0000000082000000, 0x0000000082100000|  0%| F|  |TAMS 0x0000000082000000, 0x0000000082000000| Untracked 
|  19|0x0000000082100000, 0x0000000082100000, 0x0000000082200000|  0%| F|  |TAMS 0x0000000082100000, 0x0000000082100000| Untracked 
|  20|0x0000000082200000, 0x0000000082200000, 0x0000000082300000|  0%| F|  |TAMS 0x0000000082200000, 0x0000000082200000| Untracked 
|  21|0x0000000082300000, 0x0000000082300000, 0x0000000082400000|  0%| F|  |TAMS 0x0000000082300000, 0x0000000082300000| Untracked 
|  22|0x0000000082400000, 0x0000000082400000, 0x0000000082500000|  0%| F|  |TAMS 0x0000000082400000, 0x0000000082400000| Untracked 
|  23|0x0000000082500000, 0x0000000082500000, 0x0000000082600000|  0%| F|  |TAMS 0x0000000082500000, 0x0000000082500000| Untracked 
|  24|0x0000000082600000, 0x0000000082600000, 0x0000000082700000|  0%| F|  |TAMS 0x0000000082600000, 0x0000000082600000| Untracked 
|  25|0x0000000082700000, 0x0000000082700000, 0x0000000082800000|  0%| F|  |TAMS 0x0000000082700000, 0x0000000082700000| Untracked 
|  26|0x0000000082800000, 0x0000000082800000, 0x0000000082900000|  0%| F|  |TAMS 0x0000000082800000, 0x0000000082800000| Untracked 
|  27|0x0000000082900000, 0x0000000082900000, 0x0000000082a00000|  0%| F|  |TAMS 0x0000000082900000, 0x0000000082900000| Untracked 
|  28|0x0000000082a00000, 0x0000000082a00000, 0x0000000082b00000|  0%| F|  |TAMS 0x0000000082a00000, 0x0000000082a00000| Untracked 
|  29|0x0000000082b00000, 0x0000000082b00000, 0x0000000082c00000|  0%| F|  |TAMS 0x0000000082b00000, 0x0000000082b00000| Untracked 
|  30|0x0000000082c00000, 0x0000000082c00000, 0x0000000082d00000|  0%| F|  |TAMS 0x0000000082c00000, 0x0000000082c00000| Untracked 
|  31|0x0000000082d00000, 0x0000000082d00000, 0x0000000082e00000|  0%| F|  |TAMS 0x0000000082d00000, 0x0000000082d00000| Untracked 
|  32|0x0000000082e00000, 0x0000000082e00000, 0x0000000082f00000|  0%| F|  |TAMS 0x0000000082e00000, 0x0000000082e00000| Untracked 
|  33|0x0000000082f00000, 0x0000000082f00000, 0x0000000083000000|  0%| F|  |TAMS 0x0000000082f00000, 0x0000000082f00000| Untracked 
|  34|0x0000000083000000, 0x0000000083000000, 0x0000000083100000|  0%| F|  |TAMS 0x0000000083000000, 0x0000000083000000| Untracked 
|  35|0x0000000083100000, 0x0000000083100000, 0x0000000083200000|  0%| F|  |TAMS 0x0000000083100000, 0x0000000083100000| Untracked 
|  36|0x0000000083200000, 0x0000000083200000, 0x0000000083300000|  0%| F|  |TAMS 0x0000000083200000, 0x0000000083200000| Untracked 
|  37|0x0000000083300000, 0x0000000083300000, 0x0000000083400000|  0%| F|  |TAMS 0x0000000083300000, 0x0000000083300000| Untracked 
|  38|0x0000000083400000, 0x0000000083400000, 0x0000000083500000|  0%| F|  |TAMS 0x0000000083400000, 0x0000000083400000| Untracked 
|  39|0x0000000083500000, 0x0000000083500000, 0x0000000083600000|  0%| F|  |TAMS 0x0000000083500000, 0x0000000083500000| Untracked 
|  40|0x0000000083600000, 0x0000000083600000, 0x0000000083700000|  0%| F|  |TAMS 0x0000000083600000, 0x0000000083600000| Untracked 
|  41|0x0000000083700000, 0x0000000083700000, 0x0000000083800000|  0%| F|  |TAMS 0x0000000083700000, 0x0000000083700000| Untracked 
|  42|0x0000000083800000, 0x0000000083800000, 0x0000000083900000|  0%| F|  |TAMS 0x0000000083800000, 0x0000000083800000| Untracked 
|  43|0x0000000083900000, 0x0000000083900000, 0x0000000083a00000|  0%| F|  |TAMS 0x0000000083900000, 0x0000000083900000| Untracked 
|  44|0x0000000083a00000, 0x0000000083a00000, 0x0000000083b00000|  0%| F|  |TAMS 0x0000000083a00000, 0x0000000083a00000| Untracked 
|  45|0x0000000083b00000, 0x0000000083b00000, 0x0000000083c00000|  0%| F|  |TAMS 0x0000000083b00000, 0x0000000083b00000| Untracked 
|  46|0x0000000083c00000, 0x0000000083c00000, 0x0000000083d00000|  0%| F|  |TAMS 0x0000000083c00000, 0x0000000083c00000| Untracked 
|  47|0x0000000083d00000, 0x0000000083d00000, 0x0000000083e00000|  0%| F|  |TAMS 0x0000000083d00000, 0x0000000083d00000| Untracked 
|  48|0x0000000083e00000, 0x0000000083e00000, 0x0000000083f00000|  0%| F|  |TAMS 0x0000000083e00000, 0x0000000083e00000| Untracked 
|  49|0x0000000083f00000, 0x0000000083f00000, 0x0000000084000000|  0%| F|  |TAMS 0x0000000083f00000, 0x0000000083f00000| Untracked 
|  50|0x0000000084000000, 0x0000000084000000, 0x0000000084100000|  0%| F|  |TAMS 0x0000000084000000, 0x0000000084000000| Untracked 
|  51|0x0000000084100000, 0x0000000084100000, 0x0000000084200000|  0%| F|  |TAMS 0x0000000084100000, 0x0000000084100000| Untracked 
|  52|0x0000000084200000, 0x0000000084200000, 0x0000000084300000|  0%| F|  |TAMS 0x0000000084200000, 0x0000000084200000| Untracked 
|  53|0x0000000084300000, 0x0000000084300000, 0x0000000084400000|  0%| F|  |TAMS 0x0000000084300000, 0x0000000084300000| Untracked 
|  54|0x0000000084400000, 0x0000000084400000, 0x0000000084500000|  0%| F|  |TAMS 0x0000000084400000, 0x0000000084400000| Untracked 
|  55|0x0000000084500000, 0x0000000084500000, 0x0000000084600000|  0%| F|  |TAMS 0x0000000084500000, 0x0000000084500000| Untracked 
|  56|0x0000000084600000, 0x0000000084600000, 0x0000000084700000|  0%| F|  |TAMS 0x0000000084600000, 0x0000000084600000| Untracked 
|  57|0x0000000084700000, 0x0000000084700000, 0x0000000084800000|  0%| F|  |TAMS 0x0000000084700000, 0x0000000084700000| Untracked 
|  58|0x0000000084800000, 0x0000000084800000, 0x0000000084900000|  0%| F|  |TAMS 0x0000000084800000, 0x0000000084800000| Untracked 
|  59|0x0000000084900000, 0x0000000084900000, 0x0000000084a00000|  0%| F|  |TAMS 0x0000000084900000, 0x0000000084900000| Untracked 
|  60|0x0000000084a00000, 0x0000000084a00000, 0x0000000084b00000|  0%| F|  |TAMS 0x0000000084a00000, 0x0000000084a00000| Untracked 
|  61|0x0000000084b00000, 0x0000000084b00000, 0x0000000084c00000|  0%| F|  |TAMS 0x0000000084b00000, 0x0000000084b00000| Untracked 
|  62|0x0000000084c00000, 0x0000000084c00000, 0x0000000084d00000|  0%| F|  |TAMS 0x0000000084c00000, 0x0000000084c00000| Untracked 
|  63|0x0000000084d00000, 0x0000000084d00000, 0x0000000084e00000|  0%| F|  |TAMS 0x0000000084d00000, 0x0000000084d00000| Untracked 
|  64|0x0000000084e00000, 0x0000000084e00000, 0x0000000084f00000|  0%| F|  |TAMS 0x0000000084e00000, 0x0000000084e00000| Untracked 
|  65|0x0000000084f00000, 0x0000000084f00000, 0x0000000085000000|  0%| F|  |TAMS 0x0000000084f00000, 0x0000000084f00000| Untracked 
|  66|0x0000000085000000, 0x0000000085000000, 0x0000000085100000|  0%| F|  |TAMS 0x0000000085000000, 0x0000000085000000| Untracked 
|  67|0x0000000085100000, 0x0000000085100000, 0x0000000085200000|  0%| F|  |TAMS 0x0000000085100000, 0x0000000085100000| Untracked 
|  68|0x0000000085200000, 0x0000000085200000, 0x0000000085300000|  0%| F|  |TAMS 0x0000000085200000, 0x0000000085200000| Untracked 
|  69|0x0000000085300000, 0x0000000085300000, 0x0000000085400000|  0%| F|  |TAMS 0x0000000085300000, 0x0000000085300000| Untracked 
|  70|0x0000000085400000, 0x0000000085400000, 0x0000000085500000|  0%| F|  |TAMS 0x0000000085400000, 0x0000000085400000| Untracked 
|  71|0x0000000085500000, 0x0000000085500000, 0x0000000085600000|  0%| F|  |TAMS 0x0000000085500000, 0x0000000085500000| Untracked 
|  72|0x0000000085600000, 0x0000000085600000, 0x0000000085700000|  0%| F|  |TAMS 0x0000000085600000, 0x0000000085600000| Untracked 
|  73|0x0000000085700000, 0x0000000085700000, 0x0000000085800000|  0%| F|  |TAMS 0x0000000085700000, 0x0000000085700000| Untracked 
|  74|0x0000000085800000, 0x0000000085800000, 0x0000000085900000|  0%| F|  |TAMS 0x0000000085800000, 0x0000000085800000| Untracked 
|  75|0x0000000085900000, 0x0000000085900000, 0x0000000085a00000|  0%| F|  |TAMS 0x0000000085900000, 0x0000000085900000| Untracked 
|  76|0x0000000085a00000, 0x0000000085a00000, 0x0000000085b00000|  0%| F|  |TAMS 0x0000000085a00000, 0x0000000085a00000| Untracked 
|  77|0x0000000085b00000, 0x0000000085b00000, 0x0000000085c00000|  0%| F|  |TAMS 0x0000000085b00000, 0x0000000085b00000| Untracked 
|  78|0x0000000085c00000, 0x0000000085c00000, 0x0000000085d00000|  0%| F|  |TAMS 0x0000000085c00000, 0x0000000085c00000| Untracked 
|  79|0x0000000085d00000, 0x0000000085d00000, 0x0000000085e00000|  0%| F|  |TAMS 0x0000000085d00000, 0x0000000085d00000| Untracked 
|  80|0x0000000085e00000, 0x0000000085e00000, 0x0000000085f00000|  0%| F|  |TAMS 0x0000000085e00000, 0x0000000085e00000| Untracked 
|  81|0x0000000085f00000, 0x0000000085f00000, 0x0000000086000000|  0%| F|  |TAMS 0x0000000085f00000, 0x0000000085f00000| Untracked 
|  82|0x0000000086000000, 0x0000000086000000, 0x0000000086100000|  0%| F|  |TAMS 0x0000000086000000, 0x0000000086000000| Untracked 
|  83|0x0000000086100000, 0x0000000086100000, 0x0000000086200000|  0%| F|  |TAMS 0x0000000086100000, 0x0000000086100000| Untracked 
|  84|0x0000000086200000, 0x0000000086200000, 0x0000000086300000|  0%| F|  |TAMS 0x0000000086200000, 0x0000000086200000| Untracked 
|  85|0x0000000086300000, 0x0000000086300000, 0x0000000086400000|  0%| F|  |TAMS 0x0000000086300000, 0x0000000086300000| Untracked 
|  86|0x0000000086400000, 0x0000000086400000, 0x0000000086500000|  0%| F|  |TAMS 0x0000000086400000, 0x0000000086400000| Untracked 
|  87|0x0000000086500000, 0x0000000086500000, 0x0000000086600000|  0%| F|  |TAMS 0x0000000086500000, 0x0000000086500000| Untracked 
|  88|0x0000000086600000, 0x0000000086600000, 0x0000000086700000|  0%| F|  |TAMS 0x0000000086600000, 0x0000000086600000| Untracked 
|  89|0x0000000086700000, 0x0000000086700000, 0x0000000086800000|  0%| F|  |TAMS 0x0000000086700000, 0x0000000086700000| Untracked 
|  90|0x0000000086800000, 0x0000000086800000, 0x0000000086900000|  0%| F|  |TAMS 0x0000000086800000, 0x0000000086800000| Untracked 
|  91|0x0000000086900000, 0x0000000086900000, 0x0000000086a00000|  0%| F|  |TAMS 0x0000000086900000, 0x0000000086900000| Untracked 
|  92|0x0000000086a00000, 0x0000000086a00000, 0x0000000086b00000|  0%| F|  |TAMS 0x0000000086a00000, 0x0000000086a00000| Untracked 
|  93|0x0000000086b00000, 0x0000000086b00000, 0x0000000086c00000|  0%| F|  |TAMS 0x0000000086b00000, 0x0000000086b00000| Untracked 
|  94|0x0000000086c00000, 0x0000000086c00000, 0x0000000086d00000|  0%| F|  |TAMS 0x0000000086c00000, 0x0000000086c00000| Untracked 
|  95|0x0000000086d00000, 0x0000000086d00000, 0x0000000086e00000|  0%| F|  |TAMS 0x0000000086d00000, 0x0000000086d00000| Untracked 
|  96|0x0000000086e00000, 0x0000000086e00000, 0x0000000086f00000|  0%| F|  |TAMS 0x0000000086e00000, 0x0000000086e00000| Untracked 
|  97|0x0000000086f00000, 0x0000000086f00000, 0x0000000087000000|  0%| F|  |TAMS 0x0000000086f00000, 0x0000000086f00000| Untracked 
|  98|0x0000000087000000, 0x0000000087000000, 0x0000000087100000|  0%| F|  |TAMS 0x0000000087000000, 0x0000000087000000| Untracked 
|  99|0x0000000087100000, 0x0000000087100000, 0x0000000087200000|  0%| F|  |TAMS 0x0000000087100000, 0x0000000087100000| Untracked 
| 100|0x0000000087200000, 0x0000000087200000, 0x0000000087300000|  0%| F|  |TAMS 0x0000000087200000, 0x0000000087200000| Untracked 
| 101|0x0000000087300000, 0x0000000087300000, 0x0000000087400000|  0%| F|  |TAMS 0x0000000087300000, 0x0000000087300000| Untracked 
| 102|0x0000000087400000, 0x0000000087400000, 0x0000000087500000|  0%| F|  |TAMS 0x0000000087400000, 0x0000000087400000| Untracked 
| 103|0x0000000087500000, 0x0000000087500000, 0x0000000087600000|  0%| F|  |TAMS 0x0000000087500000, 0x0000000087500000| Untracked 
| 104|0x0000000087600000, 0x0000000087600000, 0x0000000087700000|  0%| F|  |TAMS 0x0000000087600000, 0x0000000087600000| Untracked 
| 105|0x0000000087700000, 0x0000000087700000, 0x0000000087800000|  0%| F|  |TAMS 0x0000000087700000, 0x0000000087700000| Untracked 
| 106|0x0000000087800000, 0x0000000087800000, 0x0000000087900000|  0%| F|  |TAMS 0x0000000087800000, 0x0000000087800000| Untracked 
| 107|0x0000000087900000, 0x0000000087900000, 0x0000000087a00000|  0%| F|  |TAMS 0x0000000087900000, 0x0000000087900000| Untracked 
| 108|0x0000000087a00000, 0x0000000087a00000, 0x0000000087b00000|  0%| F|  |TAMS 0x0000000087a00000, 0x0000000087a00000| Untracked 
| 109|0x0000000087b00000, 0x0000000087b00000, 0x0000000087c00000|  0%| F|  |TAMS 0x0000000087b00000, 0x0000000087b00000| Untracked 
| 110|0x0000000087c00000, 0x0000000087c00000, 0x0000000087d00000|  0%| F|  |TAMS 0x0000000087c00000, 0x0000000087c00000| Untracked 
| 111|0x0000000087d00000, 0x0000000087d00000, 0x0000000087e00000|  0%| F|  |TAMS 0x0000000087d00000, 0x0000000087d00000| Untracked 
| 112|0x0000000087e00000, 0x0000000087e00000, 0x0000000087f00000|  0%| F|  |TAMS 0x0000000087e00000, 0x0000000087e00000| Untracked 
| 113|0x0000000087f00000, 0x0000000088000000, 0x0000000088000000|100%| S|CS|TAMS 0x0000000087f00000, 0x0000000087f00000| Complete 
| 114|0x0000000088000000, 0x0000000088100000, 0x0000000088100000|100%| S|CS|TAMS 0x0000000088000000, 0x0000000088000000| Complete 
| 115|0x0000000088100000, 0x0000000088100000, 0x0000000088200000|  0%| F|  |TAMS 0x0000000088100000, 0x0000000088100000| Untracked 
| 116|0x0000000088200000, 0x0000000088200000, 0x0000000088300000|  0%| F|  |TAMS 0x0000000088200000, 0x0000000088200000| Untracked 
| 117|0x0000000088300000, 0x0000000088300000, 0x0000000088400000|  0%| F|  |TAMS 0x0000000088300000, 0x0000000088300000| Untracked 
| 118|0x0000000088400000, 0x0000000088400000, 0x0000000088500000|  0%| F|  |TAMS 0x0000000088400000, 0x0000000088400000| Untracked 
| 119|0x0000000088500000, 0x0000000088500000, 0x0000000088600000|  0%| F|  |TAMS 0x0000000088500000, 0x0000000088500000| Untracked 
| 120|0x0000000088600000, 0x0000000088600000, 0x0000000088700000|  0%| F|  |TAMS 0x0000000088600000, 0x0000000088600000| Untracked 
| 121|0x0000000088700000, 0x0000000088700000, 0x0000000088800000|  0%| F|  |TAMS 0x0000000088700000, 0x0000000088700000| Untracked 
| 122|0x0000000088800000, 0x0000000088800000, 0x0000000088900000|  0%| F|  |TAMS 0x0000000088800000, 0x0000000088800000| Untracked 
| 123|0x0000000088900000, 0x0000000088900000, 0x0000000088a00000|  0%| F|  |TAMS 0x0000000088900000, 0x0000000088900000| Untracked 
| 124|0x0000000088a00000, 0x0000000088a00000, 0x0000000088b00000|  0%| F|  |TAMS 0x0000000088a00000, 0x0000000088a00000| Untracked 
| 125|0x0000000088b00000, 0x0000000088b00000, 0x0000000088c00000|  0%| F|  |TAMS 0x0000000088b00000, 0x0000000088b00000| Untracked 
| 126|0x0000000088c00000, 0x0000000088c29208, 0x0000000088d00000| 16%| E|  |TAMS 0x0000000088c00000, 0x0000000088c00000| Complete 
| 127|0x0000000088d00000, 0x0000000088e00000, 0x0000000088e00000|100%| E|CS|TAMS 0x0000000088d00000, 0x0000000088d00000| Complete 

Card table byte_map: [0x00000203ba400000,0x00000203ba800000] _byte_map_base: 0x00000203b9ff9000

Marking Bits (Prev, Next): (CMBitMap*) 0x00000203a19eb2d0, (CMBitMap*) 0x00000203a19eb310
 Prev Bits: [0x00000203bac00000, 0x00000203bcbc8000)
 Next Bits: [0x00000203bcbd0000, 0x00000203beb98000)

Polling page: 0x00000203a1840000

Metaspace:

Usage:
  Non-class:      5.07 MB used.
      Class:    627.02 KB used.
       Both:      5.68 MB used.

Virtual space:
  Non-class space:        8.00 MB reserved,       5.19 MB ( 65%) committed,  1 nodes.
      Class space:        1.00 GB reserved,     704.00 KB ( <1%) committed,  1 nodes.
             Both:        1.01 GB reserved,       5.88 MB ( <1%) committed. 

Chunk freelists:
   Non-Class:  2.80 MB
       Class:  3.16 MB
        Both:  5.96 MB

MaxMetaspaceSize: unlimited
CompressedClassSpaceSize: 1.00 GB
Initial GC threshold: 21.00 MB
Current GC threshold: 21.00 MB
CDS: on
MetaspaceReclaimPolicy: balanced
 - commit_granule_bytes: 65536.
 - commit_granule_words: 8192.
 - virtual_space_node_default_size: 1048576.
 - enlarge_chunks_in_place: 1.
 - new_chunks_are_fully_committed: 0.
 - uncommit_free_chunks: 1.
 - use_allocation_guard: 0.
 - handle_deallocations: 1.


Internal statistics:

num_allocs_failed_limit: 0.
num_arena_births: 52.
num_arena_deaths: 0.
num_vsnodes_births: 2.
num_vsnodes_deaths: 0.
num_space_committed: 94.
num_space_uncommitted: 0.
num_chunks_returned_to_freelist: 0.
num_chunks_taken_from_freelist: 142.
num_chunk_merges: 0.
num_chunk_splits: 83.
num_chunks_enlarged: 51.
num_purges: 0.
num_inconsistent_stats: 0.

CodeHeap 'non-profiled nmethods': size=120000Kb used=383Kb max_used=383Kb free=119616Kb
 bounds [0x00000203b24a0000, 0x00000203b2710000, 0x00000203b99d0000]
CodeHeap 'profiled nmethods': size=120000Kb used=1804Kb max_used=1804Kb free=118195Kb
 bounds [0x00000203aaf70000, 0x00000203ab1e0000, 0x00000203b24a0000]
CodeHeap 'non-nmethods': size=5760Kb used=1162Kb max_used=1179Kb free=4597Kb
 bounds [0x00000203aa9d0000, 0x00000203aac40000, 0x00000203aaf70000]
 total_blobs=1518 nmethods=1060 adapters=371
 compilation: enabled
              stopped_count=0, restarted_count=0
 full_count=0

Compilation events (20 events):
Event: 3.660 Thread 0x00000203c114ce90 1018       3       jdk.internal.ref.CleanerImpl$PhantomCleanableRef::performCleanup (10 bytes)
Event: 3.660 Thread 0x00000203c114ce90 nmethod 1018 0x00000203ab114390 code [0x00000203ab114540, 0x00000203ab114708]
Event: 3.660 Thread 0x00000203c114ce90 1019       3       java.lang.CharacterData::of (136 bytes)
Event: 3.660 Thread 0x00000203c114ce90 nmethod 1019 0x00000203ab114810 code [0x00000203ab114a40, 0x00000203ab115338]
Event: 3.660 Thread 0x00000203c114ce90 1020       3       java.lang.AbstractStringBuilder::putStringAt (12 bytes)
Event: 3.660 Thread 0x00000203c114ce90 nmethod 1020 0x00000203ab115590 code [0x00000203ab115740, 0x00000203ab115988]
Event: 3.661 Thread 0x00000203c114ce90 1021   !   3       jdk.internal.loader.URLClassPath$JarLoader::checkResource (78 bytes)
Event: 3.661 Thread 0x00000203c114ce90 nmethod 1021 0x00000203ab115b10 code [0x00000203ab115d60, 0x00000203ab116788]
Event: 3.663 Thread 0x00000203c114c3f0 nmethod 1013 0x00000203b24fed90 code [0x00000203b24fef60, 0x00000203b24ff5a0]
Event: 3.663 Thread 0x00000203c114c3f0 1014   !   4       jdk.internal.loader.URLClassPath$JarLoader::getResource (65 bytes)
Event: 3.665 Thread 0x00000203c114ce90 1022       3       jdk.internal.loader.URLClassPath$JarLoader$2::getManifest (26 bytes)
Event: 3.666 Thread 0x00000203c114ce90 nmethod 1022 0x00000203ab116c10 code [0x00000203ab116e40, 0x00000203ab1174e8]
Event: 3.666 Thread 0x00000203c114ce90 1023       3       jdk.internal.loader.ClassLoaders$AppClassLoader::defineOrCheckPackage (8 bytes)
Event: 3.666 Thread 0x00000203c114ce90 nmethod 1023 0x00000203ab117810 code [0x00000203ab1179a0, 0x00000203ab117ae8]
Event: 3.666 Thread 0x00000203c114ce90 1024       3       jdk.internal.loader.BuiltinClassLoader::getAndVerifyPackage (113 bytes)
Event: 3.667 Thread 0x00000203c114ce90 nmethod 1024 0x00000203ab117b90 code [0x00000203ab117f00, 0x00000203ab119068]
Event: 3.667 Thread 0x00000203c114ce90 1025       3       java.util.jar.JavaUtilJarAccessImpl::getTrustedAttributes (6 bytes)
Event: 3.667 Thread 0x00000203c114ce90 nmethod 1025 0x00000203ab119690 code [0x00000203ab119840, 0x00000203ab1199a8]
Event: 3.667 Thread 0x00000203c114ce90 1026       3       java.util.jar.Manifest::getTrustedAttributes (57 bytes)
Event: 3.667 Thread 0x00000203c114ce90 nmethod 1026 0x00000203ab119a90 code [0x00000203ab119d00, 0x00000203ab11a658]

GC Heap History (2 events):
Event: 3.588 GC heap before
{Heap before GC invocations=0 (full 0):
 garbage-first heap   total 131072K, used 12288K [0x0000000080e00000, 0x0000000100000000)
  region size 1024K, 13 young (13312K), 0 survivors (0K)
 Metaspace       used 5478K, committed 5696K, reserved 1056768K
  class space    used 587K, committed 704K, reserved 1048576K
}
Event: 3.658 GC heap after
{Heap after GC invocations=1 (full 0):
 garbage-first heap   total 131072K, used 4996K [0x0000000080e00000, 0x0000000100000000)
  region size 1024K, 2 young (2048K), 2 survivors (2048K)
 Metaspace       used 5478K, committed 5696K, reserved 1056768K
  class space    used 587K, committed 704K, reserved 1048576K
}

Deoptimization events (20 events):
Event: 3.510 Thread 0x00000203c21f7900 Uncommon trap: trap_request=0xffffff45 fr.pc=0x00000203b24a7ddc relative=0x000000000000005c
Event: 3.510 Thread 0x00000203c21f7900 Uncommon trap: reason=unstable_if action=reinterpret pc=0x00000203b24a7ddc method=java.lang.AbstractStringBuilder.isLatin1()Z @ 10 c2
Event: 3.510 Thread 0x00000203c21f7900 DEOPT PACKING pc=0x00000203b24a7ddc sp=0x000000a9490fe8c0
Event: 3.510 Thread 0x00000203c21f7900 DEOPT UNPACKING pc=0x00000203aaa223a3 sp=0x000000a9490fe850 mode 2
Event: 3.510 Thread 0x00000203c21f7900 Uncommon trap: trap_request=0xffffff45 fr.pc=0x00000203b24ee398 relative=0x0000000000000478
Event: 3.510 Thread 0x00000203c21f7900 Uncommon trap: reason=unstable_if action=reinterpret pc=0x00000203b24ee398 method=java.lang.AbstractStringBuilder.putStringAt(ILjava/lang/String;II)V @ 8 c2
Event: 3.510 Thread 0x00000203c21f7900 DEOPT PACKING pc=0x00000203b24ee398 sp=0x000000a9490fe9e0
Event: 3.510 Thread 0x00000203c21f7900 DEOPT UNPACKING pc=0x00000203aaa223a3 sp=0x000000a9490fe8d0 mode 2
Event: 3.510 Thread 0x00000203c21f7900 Uncommon trap: trap_request=0xffffff45 fr.pc=0x00000203b24d4254 relative=0x0000000000000134
Event: 3.510 Thread 0x00000203c21f7900 Uncommon trap: reason=unstable_if action=reinterpret pc=0x00000203b24d4254 method=java.lang.AbstractStringBuilder.putStringAt(ILjava/lang/String;II)V @ 8 c2
Event: 3.510 Thread 0x00000203c21f7900 DEOPT PACKING pc=0x00000203b24d4254 sp=0x000000a9490fe820
Event: 3.510 Thread 0x00000203c21f7900 DEOPT UNPACKING pc=0x00000203aaa223a3 sp=0x000000a9490fe768 mode 2
Event: 3.510 Thread 0x00000203c21f7900 Uncommon trap: trap_request=0xffffff45 fr.pc=0x00000203b24d2aec relative=0x000000000000014c
Event: 3.510 Thread 0x00000203c21f7900 Uncommon trap: reason=unstable_if action=reinterpret pc=0x00000203b24d2aec method=java.lang.AbstractStringBuilder.putStringAt(ILjava/lang/String;II)V @ 8 c2
Event: 3.510 Thread 0x00000203c21f7900 DEOPT PACKING pc=0x00000203b24d2aec sp=0x000000a9490fe910
Event: 3.510 Thread 0x00000203c21f7900 DEOPT UNPACKING pc=0x00000203aaa223a3 sp=0x000000a9490fe8d8 mode 2
Event: 3.524 Thread 0x00000203c21f7900 Uncommon trap: trap_request=0xffffff45 fr.pc=0x00000203b24a7464 relative=0x0000000000000064
Event: 3.524 Thread 0x00000203c21f7900 Uncommon trap: reason=unstable_if action=reinterpret pc=0x00000203b24a7464 method=java.io.WinNTFileSystem.isSlash(C)Z @ 9 c2
Event: 3.524 Thread 0x00000203c21f7900 DEOPT PACKING pc=0x00000203b24a7464 sp=0x000000a9490fd300
Event: 3.524 Thread 0x00000203c21f7900 DEOPT UNPACKING pc=0x00000203aaa223a3 sp=0x000000a9490fd288 mode 2

Classes unloaded (0 events):
No events

Classes redefined (0 events):
No events

Internal exceptions (11 events):
Event: 2.008 Thread 0x00000203a19ad300 Exception <a 'java/lang/NoSuchMethodError'{0x00000000888ae560}: 'java.lang.Object java.lang.invoke.DirectMethodHandle$Holder.invokeStaticInit(java.lang.Object)'> (0x00000000888ae560) 
thrown [t:\workspace\open\src\hotspot\share\interpreter\linkResolver.cpp, line 766]
Event: 2.027 Thread 0x00000203a19ad300 Exception <a 'java/lang/NoSuchMethodError'{0x00000000888bb790}: 'void java.lang.invoke.DirectMethodHandle$Holder.invokeStatic(java.lang.Object, java.lang.Object)'> (0x00000000888bb790) 
thrown [t:\workspace\open\src\hotspot\share\interpreter\linkResolver.cpp, line 766]
Event: 2.068 Thread 0x00000203a19ad300 Exception <a 'java/lang/NoSuchMethodError'{0x000000008874ac70}: 'java.lang.Object java.lang.invoke.DirectMethodHandle$Holder.invokeStatic(java.lang.Object, java.lang.Object, int, java.lang.Object)'> (0x000000008874ac70) 
thrown [t:\workspace\open\src\hotspot\share\interpreter\linkResolver.cpp, line 766]
Event: 2.070 Thread 0x00000203a19ad300 Exception <a 'java/lang/NoSuchMethodError'{0x0000000088752100}: 'java.lang.Object java.lang.invoke.DirectMethodHandle$Holder.newInvokeSpecial(java.lang.Object, java.lang.Object, int)'> (0x0000000088752100) 
thrown [t:\workspace\open\src\hotspot\share\interpreter\linkResolver.cpp, line 766]
Event: 2.081 Thread 0x00000203a19ad300 Exception <a 'java/lang/NoSuchMethodError'{0x000000008875f5f8}: 'void java.lang.invoke.DirectMethodHandle$Holder.invokeStatic(java.lang.Object, java.lang.Object, java.lang.Object)'> (0x000000008875f5f8) 
thrown [t:\workspace\open\src\hotspot\share\interpreter\linkResolver.cpp, line 766]
Event: 2.180 Thread 0x00000203a19ad300 Exception <a 'java/lang/NoSuchMethodError'{0x00000000887e2960}: 'void java.lang.invoke.DirectMethodHandle$Holder.invokeStatic(java.lang.Object, java.lang.Object, java.lang.Object, java.lang.Object)'> (0x00000000887e2960) 
thrown [t:\workspace\open\src\hotspot\share\interpreter\linkResolver.cpp, line 766]
Event: 2.441 Thread 0x00000203a19ad300 Implicit null exception at 0x00000203b24d6013 to 0x00000203b24d7140
Event: 2.456 Thread 0x00000203a19ad300 Exception <a 'java/lang/NoSuchMethodError'{0x00000000884f5608}: 'java.lang.Object java.lang.invoke.DirectMethodHandle$Holder.newInvokeSpecial(java.lang.Object, java.lang.Object, java.lang.Object, java.lang.Object, java.lang.Object)'> (0x00000000884f5608) 
thrown [t:\workspace\open\src\hotspot\share\interpreter\linkResolver.cpp, line 766]
Event: 2.479 Thread 0x00000203a19ad300 Exception <a 'java/lang/NoSuchMethodError'{0x0000000088333240}: 'void java.lang.invoke.DirectMethodHandle$Holder.invokeSpecial(java.lang.Object, java.lang.Object, java.lang.Object)'> (0x0000000088333240) 
thrown [t:\workspace\open\src\hotspot\share\interpreter\linkResolver.cpp, line 766]
Event: 3.419 Thread 0x00000203c21f7900 Exception <a 'java/lang/NoSuchMethodError'{0x0000000088126ae8}: 'java.lang.Object java.lang.invoke.DirectMethodHandle$Holder.invokeStatic(java.lang.Object, int, java.lang.Object)'> (0x0000000088126ae8) 
thrown [t:\workspace\open\src\hotspot\share\interpreter\linkResolver.cpp, line 766]
Event: 3.441 Thread 0x00000203c21f7900 Exception <a 'java/lang/ClassNotFoundException'{0x0000000088170490}: sun/util/logging/resources/spi/loggingProvider> (0x0000000088170490) 
thrown [t:\workspace\open\src\hotspot\share\classfile\systemDictionary.cpp, line 256]

VM Operations (20 events):
Event: 1.467 Executing VM operation: Cleanup
Event: 1.468 Executing VM operation: Cleanup done
Event: 1.509 Executing VM operation: HandshakeAllThreads
Event: 1.509 Executing VM operation: HandshakeAllThreads done
Event: 1.987 Executing VM operation: HandshakeAllThreads
Event: 1.987 Executing VM operation: HandshakeAllThreads done
Event: 2.266 Executing VM operation: HandshakeAllThreads
Event: 2.266 Executing VM operation: HandshakeAllThreads done
Event: 3.277 Executing VM operation: Cleanup
Event: 3.277 Executing VM operation: Cleanup done
Event: 3.440 Executing VM operation: HandshakeAllThreads
Event: 3.440 Executing VM operation: HandshakeAllThreads done
Event: 3.509 Executing VM operation: HandshakeAllThreads
Event: 3.509 Executing VM operation: HandshakeAllThreads done
Event: 3.523 Executing VM operation: HandshakeAllThreads
Event: 3.523 Executing VM operation: HandshakeAllThreads done
Event: 3.524 Executing VM operation: HandshakeAllThreads
Event: 3.524 Executing VM operation: HandshakeAllThreads done
Event: 3.587 Executing VM operation: G1CollectForAllocation
Event: 3.658 Executing VM operation: G1CollectForAllocation done

Events (20 events):
Event: 3.522 loading class sun/net/www/MessageHeader
Event: 3.522 loading class sun/net/www/MessageHeader done
Event: 3.522 loading class sun/net/www/protocol/jar/URLJarFile
Event: 3.523 loading class sun/net/www/protocol/jar/URLJarFile done
Event: 3.525 loading class sun/net/www/protocol/jar/URLJarFile$URLJarFileEntry
Event: 3.525 loading class sun/net/www/protocol/jar/URLJarFile$URLJarFileEntry done
Event: 3.525 loading class sun/net/www/protocol/jar/JarURLConnection$JarURLInputStream
Event: 3.525 loading class sun/net/www/protocol/jar/JarURLConnection$JarURLInputStream done
Event: 3.578 loading class java/util/Scanner
Event: 3.580 loading class java/util/Scanner done
Event: 3.582 loading class java/io/InputStreamReader
Event: 3.582 loading class java/io/InputStreamReader done
Event: 3.582 loading class sun/nio/cs/StreamDecoder
Event: 3.583 loading class sun/nio/cs/StreamDecoder done
Event: 3.583 loading class java/util/Scanner$PatternLRUCache
Event: 3.583 loading class java/util/Scanner$PatternLRUCache done
Event: 3.586 loading class java/util/regex/Matcher$ImmutableMatchResult
Event: 3.586 loading class java/util/regex/Matcher$ImmutableMatchResult done
Event: 3.666 loading class java/util/MissingResourceException
Event: 3.666 loading class java/util/MissingResourceException done


Dynamic libraries:
0x00007ff7e32a0000 - 0x00007ff7e32b0000 	C:\Program Files\Java\jdk-17.0.1\bin\java.exe
0x00007ffd0a030000 - 0x00007ffd0a228000 	C:\WINDOWS\SYSTEM32\ntdll.dll
0x00007ffd08ec0000 - 0x00007ffd08f7f000 	C:\WINDOWS\System32\KERNEL32.DLL
0x00007ffd07a50000 - 0x00007ffd07d46000 	C:\WINDOWS\System32\KERNELBASE.dll
0x00007ffd078d0000 - 0x00007ffd079d0000 	C:\WINDOWS\System32\ucrtbase.dll
0x00007ffcf9010000 - 0x00007ffcf9028000 	C:\Program Files\Java\jdk-17.0.1\bin\jli.dll
0x00007ffd081d0000 - 0x00007ffd0827f000 	C:\WINDOWS\System32\ADVAPI32.dll
0x00007ffd083f0000 - 0x00007ffd0848e000 	C:\WINDOWS\System32\msvcrt.dll
0x00007ffd08c30000 - 0x00007ffd08ccc000 	C:\WINDOWS\System32\sechost.dll
0x00007ffd082b0000 - 0x00007ffd083d6000 	C:\WINDOWS\System32\RPCRT4.dll
0x00007ffd085b0000 - 0x00007ffd0874d000 	C:\WINDOWS\System32\USER32.dll
0x00007ffd07d50000 - 0x00007ffd07d72000 	C:\WINDOWS\System32\win32u.dll
0x00007ffd08280000 - 0x00007ffd082ac000 	C:\WINDOWS\System32\GDI32.dll
0x00007ffd07710000 - 0x00007ffd07825000 	C:\WINDOWS\System32\gdi32full.dll
0x00007ffd07830000 - 0x00007ffd078cd000 	C:\WINDOWS\System32\msvcp_win.dll
0x00007ffcf3cd0000 - 0x00007ffcf3cea000 	C:\Program Files\Java\jdk-17.0.1\bin\VCRUNTIME140.dll
0x00007ffcfb080000 - 0x00007ffcfb31a000 	C:\WINDOWS\WinSxS\amd64_microsoft.windows.common-controls_6595b64144ccf1df_6.0.19041.1110_none_60b5254171f9507e\COMCTL32.dll
0x00007ffd01600000 - 0x00007ffd0160a000 	C:\WINDOWS\SYSTEM32\VERSION.dll
0x00007ffd09820000 - 0x00007ffd09850000 	C:\WINDOWS\System32\IMM32.DLL
0x00007ffd00e10000 - 0x00007ffd00e1c000 	C:\Program Files\Java\jdk-17.0.1\bin\vcruntime140_1.dll
0x00007ffcd90e0000 - 0x00007ffcd916d000 	C:\Program Files\Java\jdk-17.0.1\bin\msvcp140.dll
0x00007ffcbc200000 - 0x00007ffcbcdbe000 	C:\Program Files\Java\jdk-17.0.1\bin\server\jvm.dll
0x00007ffd083e0000 - 0x00007ffd083e8000 	C:\WINDOWS\System32\PSAPI.DLL
0x00007ffce7640000 - 0x00007ffce7649000 	C:\WINDOWS\SYSTEM32\WSOCK32.dll
0x00007ffd08e50000 - 0x00007ffd08ebb000 	C:\WINDOWS\System32\WS2_32.dll
0x00007ffcf7470000 - 0x00007ffcf7497000 	C:\WINDOWS\SYSTEM32\WINMM.dll
0x00007ffd055d0000 - 0x00007ffd055e2000 	C:\WINDOWS\SYSTEM32\kernel.appcore.dll
0x00007ffcff1f0000 - 0x00007ffcff1fa000 	C:\Program Files\Java\jdk-17.0.1\bin\jimage.dll
0x00007ffcf3aa0000 - 0x00007ffcf3c84000 	C:\WINDOWS\SYSTEM32\DBGHELP.DLL
0x00007ffcf7830000 - 0x00007ffcf7864000 	C:\WINDOWS\SYSTEM32\dbgcore.DLL
0x00007ffd07f50000 - 0x00007ffd07fd2000 	C:\WINDOWS\System32\bcryptPrimitives.dll
0x00007ffcddb70000 - 0x00007ffcddb95000 	C:\Program Files\Java\jdk-17.0.1\bin\java.dll
0x00007ffccc5a0000 - 0x00007ffccc676000 	C:\Program Files\Java\jdk-17.0.1\bin\svml.dll
0x00007ffd08f80000 - 0x00007ffd096c4000 	C:\WINDOWS\System32\SHELL32.dll
0x00007ffd057d0000 - 0x00007ffd05f63000 	C:\WINDOWS\SYSTEM32\windows.storage.dll
0x00007ffd088c0000 - 0x00007ffd08c14000 	C:\WINDOWS\System32\combase.dll
0x00007ffd07080000 - 0x00007ffd070ae000 	C:\WINDOWS\SYSTEM32\Wldp.dll
0x00007ffd08cd0000 - 0x00007ffd08d7d000 	C:\WINDOWS\System32\SHCORE.dll
0x00007ffd08170000 - 0x00007ffd081c5000 	C:\WINDOWS\System32\shlwapi.dll
0x00007ffd07640000 - 0x00007ffd07665000 	C:\WINDOWS\SYSTEM32\profapi.dll
0x00007ffcebfc0000 - 0x00007ffcebfd9000 	C:\Program Files\Java\jdk-17.0.1\bin\net.dll
0x00007ffd00e60000 - 0x00007ffd00f6a000 	C:\WINDOWS\SYSTEM32\WINHTTP.dll
0x00007ffd06de0000 - 0x00007ffd06e4a000 	C:\WINDOWS\system32\mswsock.dll
0x00007ffcebf70000 - 0x00007ffcebf85000 	C:\Program Files\Java\jdk-17.0.1\bin\nio.dll
0x00007ffce9590000 - 0x00007ffce95a8000 	C:\Program Files\Java\jdk-17.0.1\bin\zip.dll
0x00007ffd06b10000 - 0x00007ffd06bda000 	C:\WINDOWS\SYSTEM32\DNSAPI.dll
0x00007ffd06ad0000 - 0x00007ffd06b0b000 	C:\WINDOWS\SYSTEM32\IPHLPAPI.DLL
0x00007ffd09850000 - 0x00007ffd09858000 	C:\WINDOWS\System32\NSI.dll
0x00007ffcfec30000 - 0x00007ffcfec3a000 	C:\Windows\System32\rasadhlp.dll
0x00007ffcfddf0000 - 0x00007ffcfde72000 	C:\WINDOWS\System32\fwpuclnt.dll
0x00007ffd07a20000 - 0x00007ffd07a47000 	C:\WINDOWS\System32\bcrypt.dll
0x00007ffcfe320000 - 0x00007ffcfe330000 	C:\Program Files\Java\jdk-17.0.1\bin\verify.dll

dbghelp: loaded successfully - version: 4.0.5 - missing functions: none
symbol engine: initialized successfully - sym options: 0x614 - pdb path: .;C:\Program Files\Java\jdk-17.0.1\bin;C:\WINDOWS\SYSTEM32;C:\WINDOWS\WinSxS\amd64_microsoft.windows.common-controls_6595b64144ccf1df_6.0.19041.1110_none_60b5254171f9507e;C:\Program Files\Java\jdk-17.0.1\bin\server

VM Arguments:
java_command: App 60107
java_class_path (initial): c:\Users\Fant\.vscode\extensions\adamvoss.vscode-languagetool-3.8.0\lib\languagetool-languageserver\build\install\languagetool-languageserver\bin\..\lib\annotations-12.0.jar;c:\Users\Fant\.vscode\extensions\adamvoss.vscode-languagetool-3.8.0\lib\languagetool-languageserver\build\install\languagetool-languageserver\bin\..\lib\autolink-0.6.0.jar;c:\Users\Fant\.vscode\extensions\adamvoss.vscode-languagetool-3.8.0\lib\languagetool-languageserver\build\install\languagetool-languageserver\bin\..\lib\berkeleylm-1.1.2.jar;c:\Users\Fant\.vscode\extensions\adamvoss.vscode-languagetool-3.8.0\lib\languagetool-languageserver\build\install\languagetool-languageserver\bin\..\lib\commons-lang3-3.5.jar;c:\Users\Fant\.vscode\extensions\adamvoss.vscode-languagetool-3.8.0\lib\languagetool-languageserver\build\install\languagetool-languageserver\bin\..\lib\commons-logging-1.2.jar;c:\Users\Fant\.vscode\extensions\adamvoss.vscode-languagetool-3.8.0\lib\languagetool-languageserver\build\install\languagetool-languageserver\bin\..\lib\flexmark-0.19.1.jar;c:\Users\Fant\.vscode\extensions\adamvoss.vscode-languagetool-3.8.0\lib\languagetool-languageserver\build\install\languagetool-languageserver\bin\..\lib\flexmark-all-0.19.1.jar;c:\Users\Fant\.vscode\extensions\adamvoss.vscode-languagetool-3.8.0\lib\languagetool-languageserver\build\install\languagetool-languageserver\bin\..\lib\flexmark-ext-abbreviation-0.19.1.jar;c:\Users\Fant\.vscode\extensions\adamvoss.vscode-languagetool-3.8.0\lib\languagetool-languageserver\build\install\languagetool-languageserver\bin\..\lib\flexmark-ext-anchorlink-0.19.1.jar;c:\Users\Fant\.vscode\extensions\adamvoss.vscode-languagetool-3.8.0\lib\languagetool-languageserver\build\install\languagetool-languageserver\bin\..\lib\flexmark-ext-aside-0.19.1.jar;c:\Users\Fant\.vscode\extensions\adamvoss.vscode-languagetool-3.8.0\lib\languagetool-languageserver\build\install\languagetool-languageserver\bin\..\lib\flexmark-ext-autolink-0.19.1.jar;c:
Launcher Type: SUN_STANDARD

[Global flags]
     intx CICompilerCount                          = 3                                         {product} {ergonomic}
     uint ConcGCThreads                            = 1                                         {product} {ergonomic}
     uint G1ConcRefinementThreads                  = 4                                         {product} {ergonomic}
   size_t G1HeapRegionSize                         = 1048576                                   {product} {ergonomic}
    uintx GCDrainStackTargetSize                   = 64                                        {product} {ergonomic}
   size_t InitialHeapSize                          = 134217728                                 {product} {ergonomic}
   size_t MarkStackSize                            = 4194304                                   {product} {ergonomic}
   size_t MaxHeapSize                              = 2132803584                                {product} {ergonomic}
   size_t MaxNewSize                               = 1279262720                                {product} {ergonomic}
   size_t MinHeapDeltaBytes                        = 1048576                                   {product} {ergonomic}
   size_t MinHeapSize                              = 8388608                                   {product} {ergonomic}
    uintx NonNMethodCodeHeapSize                   = 5832780                                {pd product} {ergonomic}
    uintx NonProfiledCodeHeapSize                  = 122912730                              {pd product} {ergonomic}
    uintx ProfiledCodeHeapSize                     = 122912730                              {pd product} {ergonomic}
    uintx ReservedCodeCacheSize                    = 251658240                              {pd product} {ergonomic}
     bool SegmentedCodeCache                       = true                                      {product} {ergonomic}
   size_t SoftMaxHeapSize                          = 2132803584                             {manageable} {ergonomic}
     bool UseCompressedClassPointers               = true                           {product lp64_product} {ergonomic}
     bool UseCompressedOops                        = true                           {product lp64_product} {ergonomic}
     bool UseG1GC                                  = true                                      {product} {ergonomic}
     bool UseLargePagesIndividualAllocation        = false                                  {pd product} {ergonomic}

Logging:
Log output configuration:
 #0: stdout all=warning uptime,level,tags
 #1: stderr all=off uptime,level,tags

Environment Variables:
CLASSPATH=c:\Users\Fant\.vscode\extensions\adamvoss.vscode-languagetool-3.8.0\lib\languagetool-languageserver\build\install\languagetool-languageserver\bin\..\lib\*;c:\Users\Fant\.vscode\extensions\adamvoss.vscode-languagetool-uk-3.8.0\lib\*
PATH=C:\Program Files\Common Files\Oracle\Java\javapath;C:\Program Files (x86)\Common Files\Intel\Shared Libraries\redist\intel64\compiler;C:\Windows\system32;C:\Windows;C:\Windows\System32\Wbem;C:\Windows\System32\WindowsPowerShell\v1.0\;C:\Program Files (x86)\NVIDIA Corporation\PhysX\Common;C:\WINDOWS\system32;C:\WINDOWS;C:\WINDOWS\System32\Wbem;C:\WINDOWS\System32\WindowsPowerShell\v1.0\;C:\WINDOWS\System32\OpenSSH\;C:\Program Files\nodejs\;C:\Program Files\Git\cmd;C:\Program Files (x86)\dotnet\;C:\Users\Fant\AppData\Local\Programs\Python\Python38-32\Scripts\;C:\Users\Fant\AppData\Local\Programs\Python\Python38-32\;C:\Users\Fant\AppData\Local\Microsoft\WindowsApps;d:\Program Files\JetBrains\IntelliJ IDEA Community Edition 2021.2.3\bin;;C:\Program Files\JetBrains\WebStorm 2022.2.1\bin;;C:\Users\Fant\AppData\Local\Programs\Microsoft VS Code\bin;C:\Users\Fant\AppData\Roaming\npm;C:\Users\Fant\AppData\Local\GitHubDesktop\bin
USERNAME=Fant
OS=Windows_NT
PROCESSOR_IDENTIFIER=Intel64 Family 6 Model 158 Stepping 9, GenuineIntel



---------------  S Y S T E M  ---------------

OS:
 Windows 10 , 64 bit Build 19041 (10.0.19041.3155)
OS uptime: 4 days 10:42 hours

CPU: total 4 (initial active 4) (4 cores per cpu, 1 threads per core) family 6 model 158 stepping 9 microcode 0xb4, cx8, cmov, fxsr, mmx, 3dnowpref, sse, sse2, sse3, ssse3, sse4.1, sse4.2, popcnt, lzcnt, tsc, tscinvbit, avx, avx2, aes, erms, clmul, bmi1, bmi2, adx, fma, vzeroupper, clflush, clflushopt

Memory: 4k page, system-wide physical 8135M (294M free)
TotalPageFile size 12231M (AvailPageFile size 30M)
current process WorkingSet (physical memory assigned to process): 66M, peak: 66M
current process commit charge ("private bytes"): 215M, peak: 215M

vm_info: Java HotSpot(TM) 64-Bit Server VM (17.0.1+12-LTS-39) for windows-amd64 JRE (17.0.1+12-LTS-39), built on Sep 27 2021 18:41:35 by "mach5one" with MS VC++ 16.8 (VS2019)

END.
